<?xml version="1.0" encoding="UTF-8"?>
<!-- Generated by org.testng.reporters.JUnitXMLReporter -->
<testsuite hostname="0c4de9c3b324.ant.amazon.com" name="Default test" tests="3" failures="0" timestamp="4 Sep 2016 16:32:36 GMT" time="2.525" errors="0">
  <testcase name="findAllUsers" time="0.14" classname="com.websystique.springmvc.dao.UserDaoImplTest"/>
  <testcase name="findById" time="0.012" classname="com.websystique.springmvc.dao.UserDaoImplTest"/>
  <testcase name="saveEmployee" time="0.056" classname="com.websystique.springmvc.dao.UserDaoImplTest"/>
</testsuite> <!-- Default test -->
